[INFO  - 2023-03-02T18:57:41.961Z] GhostDriver - Main - running on port 8444
[INFO  - 2023-03-02T18:57:42.070Z] Session [1c2b1b00-b92c-11ed-ba6c-cb6948c7ec8a] - page.settings - {"XSSAuditingEnabled":false,"javascriptCanCloseWindows":true,"javascriptCanOpenWindows":true,"javascriptEnabled":true,"loadImages":true,"localToRemoteUrlAccessEnabled":false,"userAgent":"Mozilla/5.0 (Windows NT 6.2; WOW64) AppleWebKit/538.1 (KHTML, like Gecko) PhantomJS/2.1.1 Safari/538.1","webSecurityEnabled":true}
[INFO  - 2023-03-02T18:57:42.071Z] Session [1c2b1b00-b92c-11ed-ba6c-cb6948c7ec8a] - page.customHeaders:  - {}
[INFO  - 2023-03-02T18:57:42.071Z] Session [1c2b1b00-b92c-11ed-ba6c-cb6948c7ec8a] - Session.negotiatedCapabilities - {"browserName":"phantomjs","version":"2.1.1","driverName":"ghostdriver","driverVersion":"1.2.0","platform":"windows-10-32bit","javascriptEnabled":true,"takesScreenshot":true,"handlesAlerts":false,"databaseEnabled":false,"locationContextEnabled":false,"applicationCacheEnabled":false,"browserConnectionEnabled":false,"cssSelectorsEnabled":true,"webStorageEnabled":false,"rotatable":false,"acceptSslCerts":false,"nativeEvents":true,"proxy":{"proxyType":"direct"}}
[INFO  - 2023-03-02T18:57:42.071Z] SessionManagerReqHand - _postNewSessionCommand - New Session Created: 1c2b1b00-b92c-11ed-ba6c-cb6948c7ec8a
[INFO  - 2023-03-02T18:57:50.264Z] ShutdownReqHand - _handle - About to shutdown
[INFO  - 2023-03-02T19:00:52.949Z] GhostDriver - Main - running on port 2710
[INFO  - 2023-03-02T19:00:53.188Z] Session [8e1565e0-b92c-11ed-8932-f53390125ed2] - page.settings - {"XSSAuditingEnabled":false,"javascriptCanCloseWindows":true,"javascriptCanOpenWindows":true,"javascriptEnabled":true,"loadImages":true,"localToRemoteUrlAccessEnabled":false,"userAgent":"Mozilla/5.0 (Windows NT 6.2; WOW64) AppleWebKit/538.1 (KHTML, like Gecko) PhantomJS/2.1.1 Safari/538.1","webSecurityEnabled":true}
[INFO  - 2023-03-02T19:00:53.188Z] Session [8e1565e0-b92c-11ed-8932-f53390125ed2] - page.customHeaders:  - {}
[INFO  - 2023-03-02T19:00:53.188Z] Session [8e1565e0-b92c-11ed-8932-f53390125ed2] - Session.negotiatedCapabilities - {"browserName":"phantomjs","version":"2.1.1","driverName":"ghostdriver","driverVersion":"1.2.0","platform":"windows-10-32bit","javascriptEnabled":true,"takesScreenshot":true,"handlesAlerts":false,"databaseEnabled":false,"locationContextEnabled":false,"applicationCacheEnabled":false,"browserConnectionEnabled":false,"cssSelectorsEnabled":true,"webStorageEnabled":false,"rotatable":false,"acceptSslCerts":false,"nativeEvents":true,"proxy":{"proxyType":"direct"}}
[INFO  - 2023-03-02T19:00:53.189Z] SessionManagerReqHand - _postNewSessionCommand - New Session Created: 8e1565e0-b92c-11ed-8932-f53390125ed2
[INFO  - 2023-03-02T19:00:58.417Z] ShutdownReqHand - _handle - About to shutdown
[INFO  - 2023-03-02T19:04:52.813Z] GhostDriver - Main - running on port 25545
[INFO  - 2023-03-02T19:04:52.989Z] Session [1d044780-b92d-11ed-ba5b-4ddd2af48784] - page.settings - {"XSSAuditingEnabled":false,"javascriptCanCloseWindows":true,"javascriptCanOpenWindows":true,"javascriptEnabled":true,"loadImages":true,"localToRemoteUrlAccessEnabled":false,"userAgent":"Mozilla/5.0 (Windows NT 6.2; WOW64) AppleWebKit/538.1 (KHTML, like Gecko) PhantomJS/2.1.1 Safari/538.1","webSecurityEnabled":true}
[INFO  - 2023-03-02T19:04:52.990Z] Session [1d044780-b92d-11ed-ba5b-4ddd2af48784] - page.customHeaders:  - {}
[INFO  - 2023-03-02T19:04:52.990Z] Session [1d044780-b92d-11ed-ba5b-4ddd2af48784] - Session.negotiatedCapabilities - {"browserName":"phantomjs","version":"2.1.1","driverName":"ghostdriver","driverVersion":"1.2.0","platform":"windows-10-32bit","javascriptEnabled":true,"takesScreenshot":true,"handlesAlerts":false,"databaseEnabled":false,"locationContextEnabled":false,"applicationCacheEnabled":false,"browserConnectionEnabled":false,"cssSelectorsEnabled":true,"webStorageEnabled":false,"rotatable":false,"acceptSslCerts":false,"nativeEvents":true,"proxy":{"proxyType":"direct"}}
[INFO  - 2023-03-02T19:04:52.990Z] SessionManagerReqHand - _postNewSessionCommand - New Session Created: 1d044780-b92d-11ed-ba5b-4ddd2af48784
[INFO  - 2023-03-02T19:04:59.034Z] ShutdownReqHand - _handle - About to shutdown
[INFO  - 2023-03-02T19:10:55.851Z] GhostDriver - Main - running on port 37997
[INFO  - 2023-03-02T19:10:55.901Z] Session [f5544180-b92d-11ed-9850-c98744310905] - page.settings - {"XSSAuditingEnabled":false,"javascriptCanCloseWindows":true,"javascriptCanOpenWindows":true,"javascriptEnabled":true,"loadImages":true,"localToRemoteUrlAccessEnabled":false,"userAgent":"Mozilla/5.0 (Windows NT 6.2; WOW64) AppleWebKit/538.1 (KHTML, like Gecko) PhantomJS/2.1.1 Safari/538.1","webSecurityEnabled":true}
[INFO  - 2023-03-02T19:10:55.901Z] Session [f5544180-b92d-11ed-9850-c98744310905] - page.customHeaders:  - {}
[INFO  - 2023-03-02T19:10:55.902Z] Session [f5544180-b92d-11ed-9850-c98744310905] - Session.negotiatedCapabilities - {"browserName":"phantomjs","version":"2.1.1","driverName":"ghostdriver","driverVersion":"1.2.0","platform":"windows-10-32bit","javascriptEnabled":true,"takesScreenshot":true,"handlesAlerts":false,"databaseEnabled":false,"locationContextEnabled":false,"applicationCacheEnabled":false,"browserConnectionEnabled":false,"cssSelectorsEnabled":true,"webStorageEnabled":false,"rotatable":false,"acceptSslCerts":false,"nativeEvents":true,"proxy":{"proxyType":"direct"}}
[INFO  - 2023-03-02T19:10:55.902Z] SessionManagerReqHand - _postNewSessionCommand - New Session Created: f5544180-b92d-11ed-9850-c98744310905
[INFO  - 2023-03-02T19:11:02.041Z] ShutdownReqHand - _handle - About to shutdown
[INFO  - 2023-03-02T19:25:43.363Z] GhostDriver - Main - running on port 13447
[INFO  - 2023-03-02T19:25:43.632Z] Session [067541b0-b930-11ed-bcdb-79621d835ab6] - page.settings - {"XSSAuditingEnabled":false,"javascriptCanCloseWindows":true,"javascriptCanOpenWindows":true,"javascriptEnabled":true,"loadImages":true,"localToRemoteUrlAccessEnabled":false,"userAgent":"Mozilla/5.0 (Windows NT 6.2; WOW64) AppleWebKit/538.1 (KHTML, like Gecko) PhantomJS/2.1.1 Safari/538.1","webSecurityEnabled":true}
[INFO  - 2023-03-02T19:25:43.632Z] Session [067541b0-b930-11ed-bcdb-79621d835ab6] - page.customHeaders:  - {}
[INFO  - 2023-03-02T19:25:43.633Z] Session [067541b0-b930-11ed-bcdb-79621d835ab6] - Session.negotiatedCapabilities - {"browserName":"phantomjs","version":"2.1.1","driverName":"ghostdriver","driverVersion":"1.2.0","platform":"windows-10-32bit","javascriptEnabled":true,"takesScreenshot":true,"handlesAlerts":false,"databaseEnabled":false,"locationContextEnabled":false,"applicationCacheEnabled":false,"browserConnectionEnabled":false,"cssSelectorsEnabled":true,"webStorageEnabled":false,"rotatable":false,"acceptSslCerts":false,"nativeEvents":true,"proxy":{"proxyType":"direct"}}
[INFO  - 2023-03-02T19:25:43.633Z] SessionManagerReqHand - _postNewSessionCommand - New Session Created: 067541b0-b930-11ed-bcdb-79621d835ab6
[INFO  - 2023-03-02T19:25:50.290Z] ShutdownReqHand - _handle - About to shutdown
[INFO  - 2023-03-02T19:37:44.055Z] GhostDriver - Main - running on port 46766
[INFO  - 2023-03-02T19:37:44.309Z] Session [b40388e0-b931-11ed-aa2e-67d5b2d385fb] - page.settings - {"XSSAuditingEnabled":false,"javascriptCanCloseWindows":true,"javascriptCanOpenWindows":true,"javascriptEnabled":true,"loadImages":true,"localToRemoteUrlAccessEnabled":false,"userAgent":"Mozilla/5.0 (Windows NT 6.2; WOW64) AppleWebKit/538.1 (KHTML, like Gecko) PhantomJS/2.1.1 Safari/538.1","webSecurityEnabled":true}
[INFO  - 2023-03-02T19:37:44.309Z] Session [b40388e0-b931-11ed-aa2e-67d5b2d385fb] - page.customHeaders:  - {}
[INFO  - 2023-03-02T19:37:44.309Z] Session [b40388e0-b931-11ed-aa2e-67d5b2d385fb] - Session.negotiatedCapabilities - {"browserName":"phantomjs","version":"2.1.1","driverName":"ghostdriver","driverVersion":"1.2.0","platform":"windows-10-32bit","javascriptEnabled":true,"takesScreenshot":true,"handlesAlerts":false,"databaseEnabled":false,"locationContextEnabled":false,"applicationCacheEnabled":false,"browserConnectionEnabled":false,"cssSelectorsEnabled":true,"webStorageEnabled":false,"rotatable":false,"acceptSslCerts":false,"nativeEvents":true,"proxy":{"proxyType":"direct"}}
[INFO  - 2023-03-02T19:37:44.309Z] SessionManagerReqHand - _postNewSessionCommand - New Session Created: b40388e0-b931-11ed-aa2e-67d5b2d385fb
[INFO  - 2023-03-02T19:37:49.656Z] ShutdownReqHand - _handle - About to shutdown
[INFO  - 2023-03-13T20:22:17.078Z] GhostDriver - Main - running on port 23511
[INFO  - 2023-03-13T20:22:17.141Z] Session [bfb0e300-c1dc-11ed-afc7-b971108476c4] - page.settings - {"XSSAuditingEnabled":false,"javascriptCanCloseWindows":true,"javascriptCanOpenWindows":true,"javascriptEnabled":true,"loadImages":true,"localToRemoteUrlAccessEnabled":false,"userAgent":"Mozilla/5.0 (Windows NT 6.2; WOW64) AppleWebKit/538.1 (KHTML, like Gecko) PhantomJS/2.1.1 Safari/538.1","webSecurityEnabled":true}
[INFO  - 2023-03-13T20:22:17.141Z] Session [bfb0e300-c1dc-11ed-afc7-b971108476c4] - page.customHeaders:  - {}
[INFO  - 2023-03-13T20:22:17.141Z] Session [bfb0e300-c1dc-11ed-afc7-b971108476c4] - Session.negotiatedCapabilities - {"browserName":"phantomjs","version":"2.1.1","driverName":"ghostdriver","driverVersion":"1.2.0","platform":"windows-10-32bit","javascriptEnabled":true,"takesScreenshot":true,"handlesAlerts":false,"databaseEnabled":false,"locationContextEnabled":false,"applicationCacheEnabled":false,"browserConnectionEnabled":false,"cssSelectorsEnabled":true,"webStorageEnabled":false,"rotatable":false,"acceptSslCerts":false,"nativeEvents":true,"proxy":{"proxyType":"direct"}}
[INFO  - 2023-03-13T20:22:17.141Z] SessionManagerReqHand - _postNewSessionCommand - New Session Created: bfb0e300-c1dc-11ed-afc7-b971108476c4
[INFO  - 2023-03-13T20:22:22.894Z] ShutdownReqHand - _handle - About to shutdown
[INFO  - 2023-03-22T21:01:32.716Z] GhostDriver - Main - running on port 10990
[INFO  - 2023-03-22T21:01:32.771Z] Session [b978a3a0-c8f4-11ed-a7e9-9b4bb30ceaee] - page.settings - {"XSSAuditingEnabled":false,"javascriptCanCloseWindows":true,"javascriptCanOpenWindows":true,"javascriptEnabled":true,"loadImages":true,"localToRemoteUrlAccessEnabled":false,"userAgent":"Mozilla/5.0 (Windows NT 6.2; WOW64) AppleWebKit/538.1 (KHTML, like Gecko) PhantomJS/2.1.1 Safari/538.1","webSecurityEnabled":true}
[INFO  - 2023-03-22T21:01:32.771Z] Session [b978a3a0-c8f4-11ed-a7e9-9b4bb30ceaee] - page.customHeaders:  - {}
[INFO  - 2023-03-22T21:01:32.771Z] Session [b978a3a0-c8f4-11ed-a7e9-9b4bb30ceaee] - Session.negotiatedCapabilities - {"browserName":"phantomjs","version":"2.1.1","driverName":"ghostdriver","driverVersion":"1.2.0","platform":"windows-10-32bit","javascriptEnabled":true,"takesScreenshot":true,"handlesAlerts":false,"databaseEnabled":false,"locationContextEnabled":false,"applicationCacheEnabled":false,"browserConnectionEnabled":false,"cssSelectorsEnabled":true,"webStorageEnabled":false,"rotatable":false,"acceptSslCerts":false,"nativeEvents":true,"proxy":{"proxyType":"direct"}}
[INFO  - 2023-03-22T21:01:32.771Z] SessionManagerReqHand - _postNewSessionCommand - New Session Created: b978a3a0-c8f4-11ed-a7e9-9b4bb30ceaee
[INFO  - 2023-03-22T21:01:36.002Z] ShutdownReqHand - _handle - About to shutdown
